<?xml version="1.0" encoding="UTF-8"?>
<!-- Generated by org.testng.reporters.JUnitXMLReporter -->
<testsuite ignored="0" hostname="FVFHXFGAQ6LR" failures="0" tests="3" name="Default test" time="11.49" errors="0" timestamp="2023-03-03T11:34:08 IST">
  <testcase classname="com.wipro.testcases.Address" name="loginTest" time="6.567"/>
  <testcase classname="com.wipro.testcases.Address" name="AddressTest" time="0.0">
    <skipped/>
  </testcase> <!-- AddressTest -->
  <testcase classname="com.wipro.testcases.Address" name="logoutTest" time="0.851"/>
</testsuite> <!-- Default test -->
